2023-09-20 15:31:15,725 INFO  Logger.cs: 70 - 
--------------------------------------------------------------------------------
2023-09-20 15:31:15,760 INFO  Logger.cs: 71 - Logging commencing for SW2URDF exporter
2023-09-20 15:31:15,761 INFO  Logger.cs: 73 - Commit version 1.5.1-0-g916b5db
2023-09-20 15:31:15,762 INFO  Logger.cs: 74 - Build version 1.5.7152.31018
2023-09-20 15:31:15,803 INFO  SwAddin.cs: 250 - Adding Assembly export to file menu
2023-09-20 15:31:15,804 INFO  SwAddin.cs: 253 - Adding Part export to file menu
2023-09-20 15:31:15,994 INFO  SwAddin.cs: 218 - Connecting plugin to SolidWorks
2023-09-20 17:45:17,048 INFO  SwAddin.cs: 328 - Part export called
2023-09-20 17:45:17,082 INFO  ExportHelperExtension.cs: 1131 - Retrieving features of type [CoordSys] from 光学平台
2023-09-20 17:45:17,105 INFO  ExportHelperExtension.cs: 1142 - Found 72 in 光学平台
2023-09-20 17:45:17,106 INFO  ExportHelperExtension.cs: 1152 - Found 0 features of type [CoordSys] in 光学平台
2023-09-20 17:45:17,106 INFO  ExportHelperExtension.cs: 1131 - Retrieving features of type [RefAxis] from 光学平台
2023-09-20 17:45:17,107 INFO  ExportHelperExtension.cs: 1142 - Found 72 in 光学平台
2023-09-20 17:45:17,107 INFO  ExportHelperExtension.cs: 1152 - Found 0 features of type [RefAxis] in 光学平台
2023-09-20 17:45:17,107 INFO  SwAddin.cs: 344 - Showing part
2023-09-20 17:45:41,453 INFO  SwAddin.cs: 328 - Part export called
2023-09-20 17:45:41,459 INFO  ExportHelperExtension.cs: 1131 - Retrieving features of type [CoordSys] from 光学平台
2023-09-20 17:45:41,460 INFO  ExportHelperExtension.cs: 1142 - Found 72 in 光学平台
2023-09-20 17:45:41,460 INFO  ExportHelperExtension.cs: 1152 - Found 0 features of type [CoordSys] in 光学平台
2023-09-20 17:45:41,460 INFO  ExportHelperExtension.cs: 1131 - Retrieving features of type [RefAxis] from 光学平台
2023-09-20 17:45:41,461 INFO  ExportHelperExtension.cs: 1142 - Found 72 in 光学平台
2023-09-20 17:45:41,461 INFO  ExportHelperExtension.cs: 1152 - Found 0 features of type [RefAxis] in 光学平台
2023-09-20 17:45:41,461 INFO  SwAddin.cs: 344 - Showing part
2023-09-20 17:50:30,001 INFO  SwAddin.cs: 328 - Part export called
2023-09-20 17:50:30,008 INFO  ExportHelperExtension.cs: 1131 - Retrieving features of type [CoordSys] from base_table
2023-09-20 17:50:30,009 INFO  ExportHelperExtension.cs: 1142 - Found 72 in base_table
2023-09-20 17:50:30,009 INFO  ExportHelperExtension.cs: 1152 - Found 0 features of type [CoordSys] in base_table
2023-09-20 17:50:30,009 INFO  ExportHelperExtension.cs: 1131 - Retrieving features of type [RefAxis] from base_table
2023-09-20 17:50:30,010 INFO  ExportHelperExtension.cs: 1142 - Found 72 in base_table
2023-09-20 17:50:30,010 INFO  ExportHelperExtension.cs: 1152 - Found 0 features of type [RefAxis] in base_table
2023-09-20 17:50:30,011 INFO  SwAddin.cs: 344 - Showing part
2023-09-20 17:50:40,144 INFO  PackageXMLWriter.cs: 21 - Creating package.xml at C:\Users\duan'da'xia\base_table\manifest.xml
2023-09-20 17:50:40,150 INFO  ExportHelper.cs: 451 - Saving users preferences
2023-09-20 17:50:40,152 INFO  ExportHelper.cs: 465 - Setting STL preferences
2023-09-20 17:50:40,531 INFO  ExportHelper.cs: 479 - Returning STL preferences to user preferences
2023-09-20 17:51:22,644 INFO  SwAddin.cs: 328 - Part export called
2023-09-20 17:51:22,651 INFO  ExportHelperExtension.cs: 1131 - Retrieving features of type [CoordSys] from base_table
2023-09-20 17:51:22,651 INFO  ExportHelperExtension.cs: 1142 - Found 72 in base_table
2023-09-20 17:51:22,652 INFO  ExportHelperExtension.cs: 1152 - Found 0 features of type [CoordSys] in base_table
2023-09-20 17:51:22,652 INFO  ExportHelperExtension.cs: 1131 - Retrieving features of type [RefAxis] from base_table
2023-09-20 17:51:22,652 INFO  ExportHelperExtension.cs: 1142 - Found 72 in base_table
2023-09-20 17:51:22,653 INFO  ExportHelperExtension.cs: 1152 - Found 0 features of type [RefAxis] in base_table
2023-09-20 17:51:22,653 INFO  SwAddin.cs: 344 - Showing part
2023-09-20 18:05:09,475 INFO  SwAddin.cs: 271 - Assembly export called for file base_table_test
2023-09-20 18:05:11,140 INFO  SwAddin.cs: 290 - Saving assembly
2023-09-20 18:05:11,237 INFO  SwAddin.cs: 293 - Opening property manager
2023-09-20 18:05:11,239 INFO  ExportHelperExtension.cs: 1131 - Retrieving features of type [CoordSys] from base_table_test
2023-09-20 18:05:11,240 INFO  ExportHelperExtension.cs: 1142 - Found 27 in base_table_test
2023-09-20 18:05:11,241 INFO  ExportHelperExtension.cs: 1152 - Found 0 features of type [CoordSys] in base_table_test
2023-09-20 18:05:11,242 INFO  ExportHelperExtension.cs: 1155 - Proceeding through assembly components
2023-09-20 18:05:11,327 INFO  ExportHelperExtension.cs: 1167 - 2 components to check
2023-09-20 18:05:11,328 INFO  ExportHelperExtension.cs: 1131 - Retrieving features of type [CoordSys] from base_table-1
2023-09-20 18:05:11,328 INFO  ExportHelperExtension.cs: 1142 - Found 71 in base_table-1
2023-09-20 18:05:11,329 INFO  ExportHelperExtension.cs: 1152 - Found 0 features of type [CoordSys] in base_table-1
2023-09-20 18:05:11,329 INFO  ExportHelperExtension.cs: 1131 - Retrieving features of type [CoordSys] from ur5_base-1
2023-09-20 18:05:11,329 INFO  ExportHelperExtension.cs: 1142 - Found 26 in ur5_base-1
2023-09-20 18:05:11,330 INFO  ExportHelperExtension.cs: 1152 - Found 0 features of type [CoordSys] in ur5_base-1
2023-09-20 18:05:11,330 INFO  ExportHelperExtension.cs: 1131 - Retrieving features of type [RefAxis] from base_table_test
2023-09-20 18:05:11,330 INFO  ExportHelperExtension.cs: 1142 - Found 27 in base_table_test
2023-09-20 18:05:11,331 INFO  ExportHelperExtension.cs: 1152 - Found 0 features of type [RefAxis] in base_table_test
2023-09-20 18:05:11,331 INFO  ExportHelperExtension.cs: 1155 - Proceeding through assembly components
2023-09-20 18:05:11,331 INFO  ExportHelperExtension.cs: 1167 - 2 components to check
2023-09-20 18:05:11,331 INFO  ExportHelperExtension.cs: 1131 - Retrieving features of type [RefAxis] from base_table-1
2023-09-20 18:05:11,332 INFO  ExportHelperExtension.cs: 1142 - Found 71 in base_table-1
2023-09-20 18:05:11,332 INFO  ExportHelperExtension.cs: 1152 - Found 0 features of type [RefAxis] in base_table-1
2023-09-20 18:05:11,332 INFO  ExportHelperExtension.cs: 1131 - Retrieving features of type [RefAxis] from ur5_base-1
2023-09-20 18:05:11,333 INFO  ExportHelperExtension.cs: 1142 - Found 26 in ur5_base-1
2023-09-20 18:05:11,333 INFO  ExportHelperExtension.cs: 1152 - Found 0 features of type [RefAxis] in ur5_base-1
2023-09-20 18:05:11,494 INFO  SwAddin.cs: 316 - Loading config tree
2023-09-20 18:05:11,497 INFO  ExportPropertyManagerExtension.cs: 597 - Starting new configuration
2023-09-20 18:05:11,499 INFO  SwAddin.cs: 321 - Showing property manager
2023-09-20 18:05:18,868 INFO  ExportPropertyManager.cs: 450 - Configuration canceled
2023-09-20 18:05:18,899 INFO  ExportPropertyManager.cs: 1184 - AfterClose called. This method no longer throws an Exception. It just silently does nothing. Ok, except for this logging message
2023-09-20 18:11:04,904 INFO  SwAddin.cs: 271 - Assembly export called for file base_table_test
2023-09-20 18:11:04,905 INFO  SwAddin.cs: 276 - Save is required
2023-09-20 18:11:04,905 INFO  SwAddin.cs: 290 - Saving assembly
2023-09-20 18:11:05,111 INFO  SwAddin.cs: 293 - Opening property manager
2023-09-20 18:11:05,112 INFO  ExportHelperExtension.cs: 1131 - Retrieving features of type [CoordSys] from base_table_test
2023-09-20 18:11:05,112 INFO  ExportHelperExtension.cs: 1142 - Found 31 in base_table_test
2023-09-20 18:11:05,113 INFO  ExportHelperExtension.cs: 1152 - Found 2 features of type [CoordSys] in base_table_test
2023-09-20 18:11:05,113 INFO  ExportHelperExtension.cs: 1155 - Proceeding through assembly components
2023-09-20 18:11:05,113 INFO  ExportHelperExtension.cs: 1167 - 2 components to check
2023-09-20 18:11:05,113 INFO  ExportHelperExtension.cs: 1131 - Retrieving features of type [CoordSys] from base_table-1
2023-09-20 18:11:05,113 INFO  ExportHelperExtension.cs: 1142 - Found 71 in base_table-1
2023-09-20 18:11:05,114 INFO  ExportHelperExtension.cs: 1152 - Found 0 features of type [CoordSys] in base_table-1
2023-09-20 18:11:05,114 INFO  ExportHelperExtension.cs: 1131 - Retrieving features of type [CoordSys] from ur5_base-1
2023-09-20 18:11:05,115 INFO  ExportHelperExtension.cs: 1142 - Found 26 in ur5_base-1
2023-09-20 18:11:05,115 INFO  ExportHelperExtension.cs: 1152 - Found 0 features of type [CoordSys] in ur5_base-1
2023-09-20 18:11:05,116 INFO  ExportHelperExtension.cs: 1131 - Retrieving features of type [RefAxis] from base_table_test
2023-09-20 18:11:05,117 INFO  ExportHelperExtension.cs: 1142 - Found 31 in base_table_test
2023-09-20 18:11:05,117 INFO  ExportHelperExtension.cs: 1152 - Found 0 features of type [RefAxis] in base_table_test
2023-09-20 18:11:05,117 INFO  ExportHelperExtension.cs: 1155 - Proceeding through assembly components
2023-09-20 18:11:05,118 INFO  ExportHelperExtension.cs: 1167 - 2 components to check
2023-09-20 18:11:05,118 INFO  ExportHelperExtension.cs: 1131 - Retrieving features of type [RefAxis] from base_table-1
2023-09-20 18:11:05,118 INFO  ExportHelperExtension.cs: 1142 - Found 71 in base_table-1
2023-09-20 18:11:05,119 INFO  ExportHelperExtension.cs: 1152 - Found 0 features of type [RefAxis] in base_table-1
2023-09-20 18:11:05,119 INFO  ExportHelperExtension.cs: 1131 - Retrieving features of type [RefAxis] from ur5_base-1
2023-09-20 18:11:05,119 INFO  ExportHelperExtension.cs: 1142 - Found 26 in ur5_base-1
2023-09-20 18:11:05,120 INFO  ExportHelperExtension.cs: 1152 - Found 0 features of type [RefAxis] in ur5_base-1
2023-09-20 18:11:05,250 INFO  SwAddin.cs: 316 - Loading config tree
2023-09-20 18:11:05,251 INFO  ExportPropertyManagerExtension.cs: 597 - Starting new configuration
2023-09-20 18:11:05,252 INFO  SwAddin.cs: 321 - Showing property manager
2023-09-20 18:11:09,832 INFO  ExportPropertyManager.cs: 1060 - OnComboboxSelectionChanged called. This method no longer throws an Exception. It just silently does nothing. Ok, except for this logging message
2023-09-20 18:11:15,802 INFO  ExportPropertyManager.cs: 1178 - OnNumberBoxTrackingCompleted called. This method no longer throws an Exception. It just silently does nothing. Ok, except for this logging message
2023-09-20 19:05:54,557 INFO  ExportPropertyManager.cs: 1060 - OnComboboxSelectionChanged called. This method no longer throws an Exception. It just silently does nothing. Ok, except for this logging message
2023-09-20 19:05:58,695 INFO  ExportPropertyManager.cs: 1060 - OnComboboxSelectionChanged called. This method no longer throws an Exception. It just silently does nothing. Ok, except for this logging message
2023-09-20 19:06:03,433 INFO  ExportPropertyManager.cs: 1060 - OnComboboxSelectionChanged called. This method no longer throws an Exception. It just silently does nothing. Ok, except for this logging message
2023-09-20 19:06:06,644 INFO  ExportPropertyManager.cs: 1060 - OnComboboxSelectionChanged called. This method no longer throws an Exception. It just silently does nothing. Ok, except for this logging message
2023-09-20 19:06:12,944 INFO  ExportPropertyManager.cs: 1178 - OnNumberBoxTrackingCompleted called. This method no longer throws an Exception. It just silently does nothing. Ok, except for this logging message
2023-09-20 19:06:51,795 INFO  ExportPropertyManager.cs: 450 - Configuration canceled
2023-09-20 19:06:51,818 INFO  ExportPropertyManager.cs: 1184 - AfterClose called. This method no longer throws an Exception. It just silently does nothing. Ok, except for this logging message
2023-09-20 19:07:11,220 INFO  SwAddin.cs: 271 - Assembly export called for file base_table_test
2023-09-20 19:07:11,221 INFO  SwAddin.cs: 276 - Save is required
2023-09-20 19:07:11,221 INFO  SwAddin.cs: 290 - Saving assembly
2023-09-20 19:07:11,443 INFO  SwAddin.cs: 293 - Opening property manager
2023-09-20 19:07:11,444 INFO  ExportHelperExtension.cs: 1131 - Retrieving features of type [CoordSys] from base_table_test
2023-09-20 19:07:11,444 INFO  ExportHelperExtension.cs: 1142 - Found 31 in base_table_test
2023-09-20 19:07:11,445 INFO  ExportHelperExtension.cs: 1152 - Found 2 features of type [CoordSys] in base_table_test
2023-09-20 19:07:11,445 INFO  ExportHelperExtension.cs: 1155 - Proceeding through assembly components
2023-09-20 19:07:11,445 INFO  ExportHelperExtension.cs: 1167 - 2 components to check
2023-09-20 19:07:11,446 INFO  ExportHelperExtension.cs: 1131 - Retrieving features of type [CoordSys] from base_table-1
2023-09-20 19:07:11,446 INFO  ExportHelperExtension.cs: 1142 - Found 71 in base_table-1
2023-09-20 19:07:11,447 INFO  ExportHelperExtension.cs: 1152 - Found 0 features of type [CoordSys] in base_table-1
2023-09-20 19:07:11,447 INFO  ExportHelperExtension.cs: 1131 - Retrieving features of type [CoordSys] from ur5_base-1
2023-09-20 19:07:11,447 INFO  ExportHelperExtension.cs: 1142 - Found 26 in ur5_base-1
2023-09-20 19:07:11,448 INFO  ExportHelperExtension.cs: 1152 - Found 0 features of type [CoordSys] in ur5_base-1
2023-09-20 19:07:11,448 INFO  ExportHelperExtension.cs: 1131 - Retrieving features of type [RefAxis] from base_table_test
2023-09-20 19:07:11,448 INFO  ExportHelperExtension.cs: 1142 - Found 31 in base_table_test
2023-09-20 19:07:11,448 INFO  ExportHelperExtension.cs: 1152 - Found 0 features of type [RefAxis] in base_table_test
2023-09-20 19:07:11,449 INFO  ExportHelperExtension.cs: 1155 - Proceeding through assembly components
2023-09-20 19:07:11,449 INFO  ExportHelperExtension.cs: 1167 - 2 components to check
2023-09-20 19:07:11,449 INFO  ExportHelperExtension.cs: 1131 - Retrieving features of type [RefAxis] from base_table-1
2023-09-20 19:07:11,449 INFO  ExportHelperExtension.cs: 1142 - Found 71 in base_table-1
2023-09-20 19:07:11,450 INFO  ExportHelperExtension.cs: 1152 - Found 0 features of type [RefAxis] in base_table-1
2023-09-20 19:07:11,450 INFO  ExportHelperExtension.cs: 1131 - Retrieving features of type [RefAxis] from ur5_base-1
2023-09-20 19:07:11,450 INFO  ExportHelperExtension.cs: 1142 - Found 26 in ur5_base-1
2023-09-20 19:07:11,451 INFO  ExportHelperExtension.cs: 1152 - Found 0 features of type [RefAxis] in ur5_base-1
2023-09-20 19:07:11,582 INFO  SwAddin.cs: 316 - Loading config tree
2023-09-20 19:07:11,582 INFO  ExportPropertyManagerExtension.cs: 597 - Starting new configuration
2023-09-20 19:07:11,584 INFO  SwAddin.cs: 321 - Showing property manager
2023-09-20 19:07:26,835 INFO  ExportPropertyManager.cs: 1060 - OnComboboxSelectionChanged called. This method no longer throws an Exception. It just silently does nothing. Ok, except for this logging message
2023-09-20 19:07:29,299 INFO  ExportPropertyManager.cs: 1178 - OnNumberBoxTrackingCompleted called. This method no longer throws an Exception. It just silently does nothing. Ok, except for this logging message
2023-09-20 19:07:43,852 INFO  ExportPropertyManager.cs: 1060 - OnComboboxSelectionChanged called. This method no longer throws an Exception. It just silently does nothing. Ok, except for this logging message
2023-09-20 19:07:45,212 INFO  ExportPropertyManager.cs: 1060 - OnComboboxSelectionChanged called. This method no longer throws an Exception. It just silently does nothing. Ok, except for this logging message
2023-09-20 19:07:47,426 INFO  ExportPropertyManager.cs: 1060 - OnComboboxSelectionChanged called. This method no longer throws an Exception. It just silently does nothing. Ok, except for this logging message
2023-09-20 19:09:03,439 INFO  ExportPropertyManager.cs: 456 - Configuration saved
2023-09-20 19:09:03,701 INFO  ExportHelperExtension.cs: 338 - Creating joint foundation_Link
2023-09-20 19:09:03,706 INFO  ExportHelperExtension.cs: 1409 - Fixing components for table_link
2023-09-20 19:09:03,709 INFO  ExportHelperExtension.cs: 1414 - Fixing 26
2023-09-20 19:09:03,709 INFO  ExportHelperExtension.cs: 1422 - Component 26 is already fixed
2023-09-20 19:09:03,916 INFO  ExportHelperExtension.cs: 835 - R1: 0, 0
2023-09-20 19:09:03,917 INFO  ExportHelperExtension.cs: 844 - R2: 0, 0
2023-09-20 19:09:03,917 INFO  ExportHelperExtension.cs: 852 - L1: 0
2023-09-20 19:09:03,917 INFO  ExportHelperExtension.cs: 860 - L2: 0
2023-09-20 19:09:03,975 WARN  ExportHelperExtension.cs: 342 - Creating joint from parent table_link to child foundation_Link failed
2023-09-20 19:09:04,048 INFO  ExportHelperExtension.cs: 1131 - Retrieving features of type [CoordSys] from base_table_test
2023-09-20 19:09:04,049 INFO  ExportHelperExtension.cs: 1142 - Found 32 in base_table_test
2023-09-20 19:09:04,051 INFO  ExportHelperExtension.cs: 1152 - Found 2 features of type [CoordSys] in base_table_test
2023-09-20 19:09:04,051 INFO  ExportHelperExtension.cs: 1155 - Proceeding through assembly components
2023-09-20 19:09:04,051 INFO  ExportHelperExtension.cs: 1167 - 2 components to check
2023-09-20 19:09:04,052 INFO  ExportHelperExtension.cs: 1131 - Retrieving features of type [CoordSys] from base_table-1
2023-09-20 19:09:04,052 INFO  ExportHelperExtension.cs: 1142 - Found 71 in base_table-1
2023-09-20 19:09:04,053 INFO  ExportHelperExtension.cs: 1152 - Found 0 features of type [CoordSys] in base_table-1
2023-09-20 19:09:04,053 INFO  ExportHelperExtension.cs: 1131 - Retrieving features of type [CoordSys] from ur5_base-1
2023-09-20 19:09:04,053 INFO  ExportHelperExtension.cs: 1142 - Found 26 in ur5_base-1
2023-09-20 19:09:04,053 INFO  ExportHelperExtension.cs: 1152 - Found 0 features of type [CoordSys] in ur5_base-1
2023-09-20 19:09:04,054 INFO  ExportHelperExtension.cs: 1131 - Retrieving features of type [RefAxis] from base_table_test
2023-09-20 19:09:04,054 INFO  ExportHelperExtension.cs: 1142 - Found 32 in base_table_test
2023-09-20 19:09:04,054 INFO  ExportHelperExtension.cs: 1152 - Found 0 features of type [RefAxis] in base_table_test
2023-09-20 19:09:04,055 INFO  ExportHelperExtension.cs: 1155 - Proceeding through assembly components
2023-09-20 19:09:04,055 INFO  ExportHelperExtension.cs: 1167 - 2 components to check
2023-09-20 19:09:04,055 INFO  ExportHelperExtension.cs: 1131 - Retrieving features of type [RefAxis] from base_table-1
2023-09-20 19:09:04,055 INFO  ExportHelperExtension.cs: 1142 - Found 71 in base_table-1
2023-09-20 19:09:04,056 INFO  ExportHelperExtension.cs: 1152 - Found 0 features of type [RefAxis] in base_table-1
2023-09-20 19:09:04,056 INFO  ExportHelperExtension.cs: 1131 - Retrieving features of type [RefAxis] from ur5_base-1
2023-09-20 19:09:04,056 INFO  ExportHelperExtension.cs: 1142 - Found 26 in ur5_base-1
2023-09-20 19:09:04,057 INFO  ExportHelperExtension.cs: 1152 - Found 0 features of type [RefAxis] in ur5_base-1
2023-09-20 19:09:04,085 INFO  ExportPropertyManager.cs: 1184 - AfterClose called. This method no longer throws an Exception. It just silently does nothing. Ok, except for this logging message
2023-09-20 19:09:17,358 INFO  AssemblyExportForm.cs: 254 - Completing URDF export
2023-09-20 19:09:17,360 INFO  Serialization.cs: 275 - URDF Configuration found
<Link z:Id="i1" xmlns="http://schemas.datacontract.org/2004/07/SW2URDF" xmlns:i="http://www.w3.org/2001/XMLSchema-instance" xmlns:z="http://schemas.microsoft.com/2003/10/Serialization/"><Attributes><Attribute z:Id="i2"><AttributeType>name</AttributeType><IsRequired>true</IsRequired><Value i:type="a:string" xmlns:a="http://www.w3.org/2001/XMLSchema">table_link</Value></Attribute></Attributes><ChildElements><URDFElement z:Id="i3" i:type="Inertial"><Attributes/><ChildElements><URDFElement z:Id="i4" i:type="Origin"><Attributes><Attribute z:Id="i5"><AttributeType>xyz</AttributeType><IsRequired>true</IsRequired><Value i:type="a:ArrayOfdouble" xmlns:a="http://schemas.microsoft.com/2003/10/Serialization/Arrays"><a:double>0</a:double><a:double>0</a:double><a:double>0</a:double></Value></Attribute><Attribute z:Id="i6"><AttributeType>rpy</AttributeType><IsRequired>true</IsRequired><Value i:type="a:ArrayOfdouble" xmlns:a="http://schemas.microsoft.com/2003/10/Serialization/Arrays"><a:double>0</a:double><a:double>0</a:double><a:double>0</a:double></Value></Attribute></Attributes><ChildElements/><ElementName>origin</ElementName><required>false</required><RPYAttribute z:Ref="i6"/><XYZAttribute z:Ref="i5"/><isCustomized>false</isCustomized></URDFElement><URDFElement z:Id="i7" i:type="Mass"><Attributes><Attribute z:Id="i8"><AttributeType>value</AttributeType><IsRequired>true</IsRequired><Value i:type="a:double" xmlns:a="http://www.w3.org/2001/XMLSchema">0</Value></Attribute></Attributes><ChildElements/><ElementName>mass</ElementName><required>false</required><ValueAttribute z:Ref="i8"/></URDFElement><URDFElement z:Id="i9" i:type="Inertia"><Attributes><Attribute z:Id="i10"><AttributeType>ixx</AttributeType><IsRequired>true</IsRequired><Value i:type="a:double" xmlns:a="http://www.w3.org/2001/XMLSchema">0</Value></Attribute><Attribute z:Id="i11"><AttributeType>ixy</AttributeType><IsRequired>true</IsRequired><Value i:type="a:double" xmlns:a="http://www.w3.org/2001/XMLSchema">0</Value></Attribute><Attribute z:Id="i12"><AttributeType>ixz</AttributeType><IsRequired>true</IsRequired><Value i:type="a:double" xmlns:a="http://www.w3.org/2001/XMLSchema">0</Value></Attribute><Attribute z:Id="i13"><AttributeType>iyy</AttributeType><IsRequired>true</IsRequired><Value i:type="a:double" xmlns:a="http://www.w3.org/2001/XMLSchema">0</Value></Attribute><Attribute z:Id="i14"><AttributeType>iyz</AttributeType><IsRequired>true</IsRequired><Value i:type="a:double" xmlns:a="http://www.w3.org/2001/XMLSchema">0</Value></Attribute><Attribute z:Id="i15"><AttributeType>izz</AttributeType><IsRequired>true</IsRequired><Value i:type="a:double" xmlns:a="http://www.w3.org/2001/XMLSchema">0</Value></Attribute></Attributes><ChildElements/><ElementName>inertia</ElementName><required>false</required><IxxAttribute z:Ref="i10"/><IxyAttribute z:Ref="i11"/><IxzAttribute z:Ref="i12"/><IyyAttribute z:Ref="i13"/><IyzAttribute z:Ref="i14"/><IzzAttribute z:Ref="i15"/></URDFElement></ChildElements><ElementName>inertial</ElementName><required>false</required><Inertia z:Ref="i9"/><Mass z:Ref="i7"/><Origin z:Ref="i4"/></URDFElement><URDFElement z:Id="i16" i:type="Visual"><Attributes/><ChildElements><URDFElement z:Id="i17" i:type="Origin"><Attributes><Attribute z:Id="i18"><AttributeType>xyz</AttributeType><IsRequired>true</IsRequired><Value i:type="a:ArrayOfdouble" xmlns:a="http://schemas.microsoft.com/2003/10/Serialization/Arrays"><a:double>0</a:double><a:double>0</a:double><a:double>0</a:double></Value></Attribute><Attribute z:Id="i19"><AttributeType>rpy</AttributeType><IsRequired>true</IsRequired><Value i:type="a:ArrayOfdouble" xmlns:a="http://schemas.microsoft.com/2003/10/Serialization/Arrays"><a:double>0</a:double><a:double>0</a:double><a:double>0</a:double></Value></Attribute></Attributes><ChildElements/><ElementName>origin</ElementName><required>false</required><RPYAttribute z:Ref="i19"/><XYZAttribute z:Ref="i18"/><isCustomized>false</isCustomized></URDFElement><URDFElement z:Id="i20" i:type="Geometry"><Attributes/><ChildElements><URDFElement z:Id="i21" i:type="Mesh"><Attributes><Attribute z:Id="i22"><AttributeType>filename</AttributeType><IsRequired>true</IsRequired><Value i:nil="true"/></Attribute></Attributes><ChildElements/><ElementName>mesh</ElementName><required>false</required><FilenameAttribute z:Ref="i22"/></URDFElement></ChildElements><ElementName>geometry</ElementName><required>true</required><Mesh z:Ref="i21"/></URDFElement><URDFElement z:Id="i23" i:type="Material"><Attributes><Attribute z:Id="i24"><AttributeType>name</AttributeType><IsRequired>true</IsRequired><Value i:type="a:string" xmlns:a="http://www.w3.org/2001/XMLSchema"/></Attribute></Attributes><ChildElements><URDFElement z:Id="i25" i:type="Color"><Attributes><Attribute z:Id="i26"><AttributeType>rgba</AttributeType><IsRequired>true</IsRequired><Value i:type="a:ArrayOfdouble" xmlns:a="http://schemas.microsoft.com/2003/10/Serialization/Arrays"><a:double>1</a:double><a:double>1</a:double><a:double>1</a:double><a:double>1</a:double></Value></Attribute></Attributes><ChildElements/><ElementName>color</ElementName><required>false</required><RGBAAttribute z:Ref="i26"/></URDFElement><URDFElement z:Id="i27" i:type="Texture"><Attributes><Attribute z:Id="i28"><AttributeType>filename</AttributeType><IsRequired>true</IsRequired><Value i:nil="true"/></Attribute></Attributes><ChildElements/><ElementName>texture</ElementName><required>false</required><FilenameAttribute z:Ref="i28"/><wFilename/></URDFElement></ChildElements><ElementName>material</ElementName><required>false</required><Color z:Ref="i25"/><NameAttribute z:Ref="i24"/><Texture z:Ref="i27"/></URDFElement></ChildElements><ElementName>visual</ElementName><required>false</required><Geometry z:Ref="i20"/><Material z:Ref="i23"/><Origin z:Ref="i17"/></URDFElement><URDFElement z:Id="i29" i:type="Collision"><Attributes/><ChildElements><URDFElement z:Id="i30" i:type="Origin"><Attributes><Attribute z:Id="i31"><AttributeType>xyz</AttributeType><IsRequired>true</IsRequired><Value i:type="a:ArrayOfdouble" xmlns:a="http://schemas.microsoft.com/2003/10/Serialization/Arrays"><a:double>0</a:double><a:double>0</a:double><a:double>0</a:double></Value></Attribute><Attribute z:Id="i32"><AttributeType>rpy</AttributeType><IsRequired>true</IsRequired><Value i:type="a:ArrayOfdouble" xmlns:a="http://schemas.microsoft.com/2003/10/Serialization/Arrays"><a:double>0</a:double><a:double>0</a:double><a:double>0</a:double></Value></Attribute></Attributes><ChildElements/><ElementName>origin</ElementName><required>false</required><RPYAttribute z:Ref="i32"/><XYZAttribute z:Ref="i31"/><isCustomized>false</isCustomized></URDFElement><URDFElement z:Id="i33" i:type="Geometry"><Attributes/><ChildElements><URDFElement z:Id="i34" i:type="Mesh"><Attributes><Attribute z:Id="i35"><AttributeType>filename</AttributeType><IsRequired>true</IsRequired><Value i:nil="true"/></Attribute></Attributes><ChildElements/><ElementName>mesh</ElementName><required>false</required><FilenameAttribute z:Ref="i35"/></URDFElement></ChildElements><ElementName>geometry</ElementName><required>true</required><Mesh z:Ref="i34"/></URDFElement></ChildElements><ElementName>collision</ElementName><required>false</required><Geometry z:Ref="i33"/><Origin z:Ref="i30"/></URDFElement><URDFElement z:Id="i36" i:type="Joint"><Attributes><Attribute z:Id="i37"><AttributeType>name</AttributeType><IsRequired>true</IsRequired><Value i:type="a:string" xmlns:a="http://www.w3.org/2001/XMLSchema"/></Attribute><Attribute z:Id="i38"><AttributeType>type</AttributeType><IsRequired>true</IsRequired><Value i:type="a:string" xmlns:a="http://www.w3.org/2001/XMLSchema"/></Attribute></Attributes><ChildElements><URDFElement z:Id="i39" i:type="Origin"><Attributes><Attribute z:Id="i40"><AttributeType>xyz</AttributeType><IsRequired>true</IsRequired><Value i:type="a:ArrayOfdouble" xmlns:a="http://schemas.microsoft.com/2003/10/Serialization/Arrays"><a:double>0</a:double><a:double>0</a:double><a:double>0</a:double></Value></Attribute><Attribute z:Id="i41"><AttributeType>rpy</AttributeType><IsRequired>true</IsRequired><Value i:type="a:ArrayOfdouble" xmlns:a="http://schemas.microsoft.com/2003/10/Serialization/Arrays"><a:double>0</a:double><a:double>0</a:double><a:double>0</a:double></Value></Attribute></Attributes><ChildElements/><ElementName>origin</ElementName><required>false</required><RPYAttribute z:Ref="i41"/><XYZAttribute z:Ref="i40"/><isCustomized>false</isCustomized></URDFElement><URDFElement z:Id="i42" i:type="ParentLink"><Attributes><Attribute z:Id="i43"><AttributeType>link</AttributeType><IsRequired>true</IsRequired><Value i:type="a:string" xmlns:a="http://www.w3.org/2001/XMLSchema"/></Attribute></Attributes><ChildElements/><ElementName>parent</ElementName><required>true</required><NameAttribute z:Ref="i43"/></URDFElement><URDFElement z:Id="i44" i:type="ChildLink"><Attributes><Attribute z:Id="i45"><AttributeType>link</AttributeType><IsRequired>true</IsRequired><Value i:type="a:string" xmlns:a="http://www.w3.org/2001/XMLSchema"/></Attribute></Attributes><ChildElements/><ElementName>child</ElementName><required>true</required><NameAttribute z:Ref="i45"/></URDFElement><URDFElement z:Id="i46" i:type="Axis"><Attributes><Attribute z:Id="i47"><AttributeType>xyz</AttributeType><IsRequired>true</IsRequired><Value i:type="a:ArrayOfdouble" xmlns:a="http://schemas.microsoft.com/2003/10/Serialization/Arrays"><a:double>0</a:double><a:double>0</a:double><a:double>0</a:double></Value></Attribute></Attributes><ChildElements/><ElementName>axis</ElementName><required>false</required><XYZAttribute z:Ref="i47"/></URDFElement><URDFElement z:Id="i48" i:type="Limit"><Attributes><Attribute z:Id="i49"><AttributeType>lower</AttributeType><IsRequired>false</IsRequired><Value i:nil="true"/></Attribute><Attribute z:Id="i50"><AttributeType>upper</AttributeType><IsRequired>false</IsRequired><Value i:nil="true"/></Attribute><Attribute z:Id="i51"><AttributeType>effort</AttributeType><IsRequired>true</IsRequired><Value i:nil="true"/></Attribute><Attribute z:Id="i52"><AttributeType>velocity</AttributeType><IsRequired>true</IsRequired><Value i:nil="true"/></Attribute></Attributes><ChildElements/><ElementName>limit</ElementName><required>false</required><EffortAttribute z:Ref="i51"/><LowerAttribute z:Ref="i49"/><UpperAttribute z:Ref="i50"/><VelocityAttribute z:Ref="i52"/></URDFElement><URDFElement z:Id="i53" i:type="Calibration"><Attributes><Attribute z:Id="i54"><AttributeType>rising</AttributeType><IsRequired>false</IsRequired><Value i:nil="true"/></Attribute><Attribute z:Id="i55"><AttributeType>falling</AttributeType><IsRequired>false</IsRequired><Value i:nil="true"/></Attribute></Attributes><ChildElements/><ElementName>calibration</ElementName><required>false</required><FallingAttribute z:Ref="i55"/><RisingAttribute z:Ref="i54"/></URDFElement><URDFElement z:Id="i56" i:type="Dynamics"><Attributes><Attribute z:Id="i57"><AttributeType>damping</AttributeType><IsRequired>false</IsRequired><Value i:nil="true"/></Attribute><Attribute z:Id="i58"><AttributeType>friction</AttributeType><IsRequired>false</IsRequired><Value i:nil="true"/></Attribute></Attributes><ChildElements/><ElementName>dynamics</ElementName><required>false</required><DampingAttribute z:Ref="i57"/><FrictionAttribute z:Ref="i58"/></URDFElement><URDFElement z:Id="i59" i:type="SafetyController"><Attributes><Attribute z:Id="i60"><AttributeType>soft_upper</AttributeType><IsRequired>false</IsRequired><Value i:nil="true"/></Attribute><Attribute z:Id="i61"><AttributeType>soft_lower</AttributeType><IsRequired>false</IsRequired><Value i:nil="true"/></Attribute><Attribute z:Id="i62"><AttributeType>k_position</AttributeType><IsRequired>false</IsRequired><Value i:nil="true"/></Attribute><Attribute z:Id="i63"><AttributeType>k_velocity</AttributeType><IsRequired>true</IsRequired><Value i:nil="true"/></Attribute></Attributes><ChildElements/><ElementName>safety_controller</ElementName><required>false</required><KPositionAttribute z:Ref="i62"/><KVelocityAttribute z:Ref="i63"/><SoftLowerAttribute z:Ref="i61"/><SoftUpperAttribute z:Ref="i60"/></URDFElement><URDFElement z:Id="i64" i:type="Mimic"><Attributes><Attribute z:Id="i65"><AttributeType>joint</AttributeType><IsRequired>true</IsRequired><Value i:nil="true"/></Attribute><Attribute z:Id="i66"><AttributeType>multiplier</AttributeType><IsRequired>false</IsRequired><Value i:nil="true"/></Attribute><Attribute z:Id="i67"><AttributeType>offset</AttributeType><IsRequired>false</IsRequired><Value i:nil="true"/></Attribute></Attributes><ChildElements/><ElementName>mimic</ElementName><required>false</required><JointNameAttribute z:Ref="i65"/><MultiplierAttribute z:Ref="i66"/><OffsetAttribute z:Ref="i67"/></URDFElement></ChildElements><ElementName>joint</ElementName><required>false</required><Axis z:Ref="i46"/><AxisName/><Calibration z:Ref="i53"/><Child z:Ref="i44"/><CoordinateSystemName>dox_1</CoordinateSystemName><Dynamics z:Ref="i56"/><Limit z:Ref="i48"/><Mimic z:Ref="i64"/><NameAttribute z:Ref="i37"/><Origin z:Ref="i39"/><Parent z:Ref="i42"/><Safety z:Ref="i59"/><TypeAttribute z:Ref="i38"/></URDFElement></ChildElements><ElementName>link</ElementName><required>true</required><Children><Link z:Id="i68"><Attributes><Attribute z:Id="i69"><AttributeType>name</AttributeType><IsRequired>true</IsRequired><Value i:type="a:string" xmlns:a="http://www.w3.org/2001/XMLSchema">foundation_Link</Value></Attribute></Attributes><ChildElements><URDFElement z:Id="i70" i:type="Inertial"><Attributes/><ChildElements><URDFElement z:Id="i71" i:type="Origin"><Attributes><Attribute z:Id="i72"><AttributeType>xyz</AttributeType><IsRequired>true</IsRequired><Value i:type="a:ArrayOfdouble" xmlns:a="http://schemas.microsoft.com/2003/10/Serialization/Arrays"><a:double>0</a:double><a:double>0</a:double><a:double>0</a:double></Value></Attribute><Attribute z:Id="i73"><AttributeType>rpy</AttributeType><IsRequired>true</IsRequired><Value i:type="a:ArrayOfdouble" xmlns:a="http://schemas.microsoft.com/2003/10/Serialization/Arrays"><a:double>0</a:double><a:double>0</a:double><a:double>0</a:double></Value></Attribute></Attributes><ChildElements/><ElementName>origin</ElementName><required>false</required><RPYAttribute z:Ref="i73"/><XYZAttribute z:Ref="i72"/><isCustomized>false</isCustomized></URDFElement><URDFElement z:Id="i74" i:type="Mass"><Attributes><Attribute z:Id="i75"><AttributeType>value</AttributeType><IsRequired>true</IsRequired><Value i:type="a:double" xmlns:a="http://www.w3.org/2001/XMLSchema">0</Value></Attribute></Attributes><ChildElements/><ElementName>mass</ElementName><required>false</required><ValueAttribute z:Ref="i75"/></URDFElement><URDFElement z:Id="i76" i:type="Inertia"><Attributes><Attribute z:Id="i77"><AttributeType>ixx</AttributeType><IsRequired>true</IsRequired><Value i:type="a:double" xmlns:a="http://www.w3.org/2001/XMLSchema">0</Value></Attribute><Attribute z:Id="i78"><AttributeType>ixy</AttributeType><IsRequired>true</IsRequired><Value i:type="a:double" xmlns:a="http://www.w3.org/2001/XMLSchema">0</Value></Attribute><Attribute z:Id="i79"><AttributeType>ixz</AttributeType><IsRequired>true</IsRequired><Value i:type="a:double" xmlns:a="http://www.w3.org/2001/XMLSchema">0</Value></Attribute><Attribute z:Id="i80"><AttributeType>iyy</AttributeType><IsRequired>true</IsRequired><Value i:type="a:double" xmlns:a="http://www.w3.org/2001/XMLSchema">0</Value></Attribute><Attribute z:Id="i81"><AttributeType>iyz</AttributeType><IsRequired>true</IsRequired><Value i:type="a:double" xmlns:a="http://www.w3.org/2001/XMLSchema">0</Value></Attribute><Attribute z:Id="i82"><AttributeType>izz</AttributeType><IsRequired>true</IsRequired><Value i:type="a:double" xmlns:a="http://www.w3.org/2001/XMLSchema">0</Value></Attribute></Attributes><ChildElements/><ElementName>inertia</ElementName><required>false</required><IxxAttribute z:Ref="i77"/><IxyAttribute z:Ref="i78"/><IxzAttribute z:Ref="i79"/><IyyAttribute z:Ref="i80"/><IyzAttribute z:Ref="i81"/><IzzAttribute z:Ref="i82"/></URDFElement></ChildElements><ElementName>inertial</ElementName><required>false</required><Inertia z:Ref="i76"/><Mass z:Ref="i74"/><Origin z:Ref="i71"/></URDFElement><URDFElement z:Id="i83" i:type="Visual"><Attributes/><ChildElements><URDFElement z:Id="i84" i:type="Origin"><Attributes><Attribute z:Id="i85"><AttributeType>xyz</AttributeType><IsRequired>true</IsRequired><Value i:type="a:ArrayOfdouble" xmlns:a="http://schemas.microsoft.com/2003/10/Serialization/Arrays"><a:double>0</a:double><a:double>0</a:double><a:double>0</a:double></Value></Attribute><Attribute z:Id="i86"><AttributeType>rpy</AttributeType><IsRequired>true</IsRequired><Value i:type="a:ArrayOfdouble" xmlns:a="http://schemas.microsoft.com/2003/10/Serialization/Arrays"><a:double>0</a:double><a:double>0</a:double><a:double>0</a:double></Value></Attribute></Attributes><ChildElements/><ElementName>origin</ElementName><required>false</required><RPYAttribute z:Ref="i86"/><XYZAttribute z:Ref="i85"/><isCustomized>false</isCustomized></URDFElement><URDFElement z:Id="i87" i:type="Geometry"><Attributes/><ChildElements><URDFElement z:Id="i88" i:type="Mesh"><Attributes><Attribute z:Id="i89"><AttributeType>filename</AttributeType><IsRequired>true</IsRequired><Value i:nil="true"/></Attribute></Attributes><ChildElements/><ElementName>mesh</ElementName><required>false</required><FilenameAttribute z:Ref="i89"/></URDFElement></ChildElements><ElementName>geometry</ElementName><required>true</required><Mesh z:Ref="i88"/></URDFElement><URDFElement z:Id="i90" i:type="Material"><Attributes><Attribute z:Id="i91"><AttributeType>name</AttributeType><IsRequired>true</IsRequired><Value i:type="a:string" xmlns:a="http://www.w3.org/2001/XMLSchema"/></Attribute></Attributes><ChildElements><URDFElement z:Id="i92" i:type="Color"><Attributes><Attribute z:Id="i93"><AttributeType>rgba</AttributeType><IsRequired>true</IsRequired><Value i:type="a:ArrayOfdouble" xmlns:a="http://schemas.microsoft.com/2003/10/Serialization/Arrays"><a:double>1</a:double><a:double>1</a:double><a:double>1</a:double><a:double>1</a:double></Value></Attribute></Attributes><ChildElements/><ElementName>color</ElementName><required>false</required><RGBAAttribute z:Ref="i93"/></URDFElement><URDFElement z:Id="i94" i:type="Texture"><Attributes><Attribute z:Id="i95"><AttributeType>filename</AttributeType><IsRequired>true</IsRequired><Value i:nil="true"/></Attribute></Attributes><ChildElements/><ElementName>texture</ElementName><required>false</required><FilenameAttribute z:Ref="i95"/><wFilename/></URDFElement></ChildElements><ElementName>material</ElementName><required>false</required><Color z:Ref="i92"/><NameAttribute z:Ref="i91"/><Texture z:Ref="i94"/></URDFElement></ChildElements><ElementName>visual</ElementName><required>false</required><Geometry z:Ref="i87"/><Material z:Ref="i90"/><Origin z:Ref="i84"/></URDFElement><URDFElement z:Id="i96" i:type="Collision"><Attributes/><ChildElements><URDFElement z:Id="i97" i:type="Origin"><Attributes><Attribute z:Id="i98"><AttributeType>xyz</AttributeType><IsRequired>true</IsRequired><Value i:type="a:ArrayOfdouble" xmlns:a="http://schemas.microsoft.com/2003/10/Serialization/Arrays"><a:double>0</a:double><a:double>0</a:double><a:double>0</a:double></Value></Attribute><Attribute z:Id="i99"><AttributeType>rpy</AttributeType><IsRequired>true</IsRequired><Value i:type="a:ArrayOfdouble" xmlns:a="http://schemas.microsoft.com/2003/10/Serialization/Arrays"><a:double>0</a:double><a:double>0</a:double><a:double>0</a:double></Value></Attribute></Attributes><ChildElements/><ElementName>origin</ElementName><required>false</required><RPYAttribute z:Ref="i99"/><XYZAttribute z:Ref="i98"/><isCustomized>false</isCustomized></URDFElement><URDFElement z:Id="i100" i:type="Geometry"><Attributes/><ChildElements><URDFElement z:Id="i101" i:type="Mesh"><Attributes><Attribute z:Id="i102"><AttributeType>filename</AttributeType><IsRequired>true</IsRequired><Value i:nil="true"/></Attribute></Attributes><ChildElements/><ElementName>mesh</ElementName><required>false</required><FilenameAttribute z:Ref="i102"/></URDFElement></ChildElements><ElementName>geometry</ElementName><required>true</required><Mesh z:Ref="i101"/></URDFElement></ChildElements><ElementName>collision</ElementName><required>false</required><Geometry z:Ref="i100"/><Origin z:Ref="i97"/></URDFElement><URDFElement z:Id="i103" i:type="Joint"><Attributes><Attribute z:Id="i104"><AttributeType>name</AttributeType><IsRequired>true</IsRequired><Value i:type="a:string" xmlns:a="http://www.w3.org/2001/XMLSchema">foundation_joint</Value></Attribute><Attribute z:Id="i105"><AttributeType>type</AttributeType><IsRequired>true</IsRequired><Value i:type="a:string" xmlns:a="http://www.w3.org/2001/XMLSchema">fixed</Value></Attribute></Attributes><ChildElements><URDFElement z:Id="i106" i:type="Origin"><Attributes><Attribute z:Id="i107"><AttributeType>xyz</AttributeType><IsRequired>true</IsRequired><Value i:type="a:ArrayOfdouble" xmlns:a="http://schemas.microsoft.com/2003/10/Serialization/Arrays"><a:double>0</a:double><a:double>0</a:double><a:double>0</a:double></Value></Attribute><Attribute z:Id="i108"><AttributeType>rpy</AttributeType><IsRequired>true</IsRequired><Value i:type="a:ArrayOfdouble" xmlns:a="http://schemas.microsoft.com/2003/10/Serialization/Arrays"><a:double>0</a:double><a:double>0</a:double><a:double>0</a:double></Value></Attribute></Attributes><ChildElements/><ElementName>origin</ElementName><required>false</required><RPYAttribute z:Ref="i108"/><XYZAttribute z:Ref="i107"/><isCustomized>false</isCustomized></URDFElement><URDFElement z:Id="i109" i:type="ParentLink"><Attributes><Attribute z:Id="i110"><AttributeType>link</AttributeType><IsRequired>true</IsRequired><Value i:type="a:string" xmlns:a="http://www.w3.org/2001/XMLSchema"/></Attribute></Attributes><ChildElements/><ElementName>parent</ElementName><required>true</required><NameAttribute z:Ref="i110"/></URDFElement><URDFElement z:Id="i111" i:type="ChildLink"><Attributes><Attribute z:Id="i112"><AttributeType>link</AttributeType><IsRequired>true</IsRequired><Value i:type="a:string" xmlns:a="http://www.w3.org/2001/XMLSchema"/></Attribute></Attributes><ChildElements/><ElementName>child</ElementName><required>true</required><NameAttribute z:Ref="i112"/></URDFElement><URDFElement z:Id="i113" i:type="Axis"><Attributes><Attribute z:Id="i114"><AttributeType>xyz</AttributeType><IsRequired>true</IsRequired><Value i:type="a:ArrayOfdouble" xmlns:a="http://schemas.microsoft.com/2003/10/Serialization/Arrays"><a:double>0</a:double><a:double>0</a:double><a:double>0</a:double></Value></Attribute></Attributes><ChildElements/><ElementName>axis</ElementName><required>false</required><XYZAttribute z:Ref="i114"/></URDFElement><URDFElement z:Id="i115" i:type="Limit"><Attributes><Attribute z:Id="i116"><AttributeType>lower</AttributeType><IsRequired>false</IsRequired><Value i:nil="true"/></Attribute><Attribute z:Id="i117"><AttributeType>upper</AttributeType><IsRequired>false</IsRequired><Value i:nil="true"/></Attribute><Attribute z:Id="i118"><AttributeType>effort</AttributeType><IsRequired>true</IsRequired><Value i:nil="true"/></Attribute><Attribute z:Id="i119"><AttributeType>velocity</AttributeType><IsRequired>true</IsRequired><Value i:nil="true"/></Attribute></Attributes><ChildElements/><ElementName>limit</ElementName><required>false</required><EffortAttribute z:Ref="i118"/><LowerAttribute z:Ref="i116"/><UpperAttribute z:Ref="i117"/><VelocityAttribute z:Ref="i119"/></URDFElement><URDFElement z:Id="i120" i:type="Calibration"><Attributes><Attribute z:Id="i121"><AttributeType>rising</AttributeType><IsRequired>false</IsRequired><Value i:nil="true"/></Attribute><Attribute z:Id="i122"><AttributeType>falling</AttributeType><IsRequired>false</IsRequired><Value i:nil="true"/></Attribute></Attributes><ChildElements/><ElementName>calibration</ElementName><required>false</required><FallingAttribute z:Ref="i122"/><RisingAttribute z:Ref="i121"/></URDFElement><URDFElement z:Id="i123" i:type="Dynamics"><Attributes><Attribute z:Id="i124"><AttributeType>damping</AttributeType><IsRequired>false</IsRequired><Value i:nil="true"/></Attribute><Attribute z:Id="i125"><AttributeType>friction</AttributeType><IsRequired>false</IsRequired><Value i:nil="true"/></Attribute></Attributes><ChildElements/><ElementName>dynamics</ElementName><required>false</required><DampingAttribute z:Ref="i124"/><FrictionAttribute z:Ref="i125"/></URDFElement><URDFElement z:Id="i126" i:type="SafetyController"><Attributes><Attribute z:Id="i127"><AttributeType>soft_upper</AttributeType><IsRequired>false</IsRequired><Value i:nil="true"/></Attribute><Attribute z:Id="i128"><AttributeType>soft_lower</AttributeType><IsRequired>false</IsRequired><Value i:nil="true"/></Attribute><Attribute z:Id="i129"><AttributeType>k_position</AttributeType><IsRequired>false</IsRequired><Value i:nil="true"/></Attribute><Attribute z:Id="i130"><AttributeType>k_velocity</AttributeType><IsRequired>true</IsRequired><Value i:nil="true"/></Attribute></Attributes><ChildElements/><ElementName>safety_controller</ElementName><required>false</required><KPositionAttribute z:Ref="i129"/><KVelocityAttribute z:Ref="i130"/><SoftLowerAttribute z:Ref="i128"/><SoftUpperAttribute z:Ref="i127"/></URDFElement><URDFElement z:Id="i131" i:type="Mimic"><Attributes><Attribute z:Id="i132"><AttributeType>joint</AttributeType><IsRequired>true</IsRequired><Value i:nil="true"/></Attribute><Attribute z:Id="i133"><AttributeType>multiplier</AttributeType><IsRequired>false</IsRequired><Value i:nil="true"/></Attribute><Attribute z:Id="i134"><AttributeType>offset</AttributeType><IsRequired>false</IsRequired><Value i:nil="true"/></Attribute></Attributes><ChildElements/><ElementName>mimic</ElementName><required>false</required><JointNameAttribute z:Ref="i132"/><MultiplierAttribute z:Ref="i133"/><OffsetAttribute z:Ref="i134"/></URDFElement></ChildElements><ElementName>joint</ElementName><required>false</required><Axis z:Ref="i113"/><AxisName>None</AxisName><Calibration z:Ref="i120"/><Child z:Ref="i111"/><CoordinateSystemName>dox_2</CoordinateSystemName><Dynamics z:Ref="i123"/><Limit z:Ref="i115"/><Mimic z:Ref="i131"/><NameAttribute z:Ref="i104"/><Origin z:Ref="i106"/><Parent z:Ref="i109"/><Safety z:Ref="i126"/><TypeAttribute z:Ref="i105"/></URDFElement></ChildElements><ElementName>link</ElementName><required>true</required><Children/><Collision z:Ref="i96"/><Inertial z:Ref="i70"/><Joint z:Ref="i103"/><NameAttribute z:Ref="i69"/><Parent z:Ref="i1"/><STLQualityFine>false</STLQualityFine><SWComponentPIDs xmlns:a="http://schemas.microsoft.com/2003/10/Serialization/Arrays"><a:base64Binary>+CoAAAUAAAD//v8adQByADUAXwBiAGEAcwBlAC0AMQBAAGIAYQBzAGUAXwB0AGEAYgBsAGUAXwB0AGUAcwB0AAQAAAAQAAAAAQAAAAEAAAAYAAAA</a:base64Binary></SWComponentPIDs><SWMainComponentPID i:nil="true"/><Visual z:Ref="i83"/><isFixedFrame>false</isFixedFrame><isIncomplete>false</isIncomplete></Link></Children><Collision z:Ref="i29"/><Inertial z:Ref="i3"/><Joint z:Ref="i36"/><NameAttribute z:Ref="i2"/><Parent i:nil="true"/><STLQualityFine>false</STLQualityFine><SWComponentPIDs xmlns:a="http://schemas.microsoft.com/2003/10/Serialization/Arrays"><a:base64Binary>+CoAAAUAAAD//v8cYgBhAHMAZQBfAHQAYQBiAGwAZQAtADEAQABiAGEAcwBlAF8AdABhAGIAbABlAF8AdABlAHMAdAAEAAAAEAAAAAEAAAABAAAAGgAAAA==</a:base64Binary></SWComponentPIDs><SWMainComponentPID i:nil="true"/><Visual z:Ref="i16"/><isFixedFrame>false</isFixedFrame><isIncomplete>false</isIncomplete></Link>
2023-09-20 19:09:44,389 INFO  AssemblyExportForm.cs: 308 - Saving URDF package to D:\防碰撞光学平台\foundation
2023-09-20 19:09:44,390 INFO  ExportHelper.cs: 147 - Beginning the export process
2023-09-20 19:09:44,391 INFO  ExportHelper.cs: 153 - Creating package directories with name foundation and save path D:\防碰撞光学平台
2023-09-20 19:09:46,136 INFO  ExportHelper.cs: 162 - Creating CMakeLists.txt at D:\防碰撞光学平台\foundation\CMakeLists.txt
2023-09-20 19:09:46,137 INFO  ExportHelper.cs: 166 - Creating joint names config at D:\防碰撞光学平台\foundation\config\joint_names_foundation.yaml
2023-09-20 19:09:46,138 INFO  ExportHelper.cs: 170 - Creating package.xml at D:\防碰撞光学平台\foundation\package.xml
2023-09-20 19:09:46,138 INFO  PackageXMLWriter.cs: 21 - Creating package.xml at D:\防碰撞光学平台\foundation\package.xml
2023-09-20 19:09:46,139 INFO  ExportHelper.cs: 177 - Creating RVIZ launch file in D:\防碰撞光学平台\foundation\launch\
2023-09-20 19:09:46,140 INFO  ExportHelper.cs: 182 - Creating Gazebo launch file in D:\防碰撞光学平台\foundation\launch\
2023-09-20 19:09:46,141 INFO  ExportHelper.cs: 187 - Saving existing STL preferences
2023-09-20 19:09:46,141 INFO  ExportHelper.cs: 451 - Saving users preferences
2023-09-20 19:09:46,141 INFO  ExportHelper.cs: 190 - Modifying STL preferences
2023-09-20 19:09:46,142 INFO  ExportHelper.cs: 465 - Setting STL preferences
2023-09-20 19:09:46,146 INFO  ExportHelper.cs: 196 - Found 0 hidden components 
2023-09-20 19:09:46,146 INFO  ExportHelper.cs: 197 - Hiding all components
2023-09-20 19:09:46,242 INFO  ExportHelper.cs: 204 - Beginning individual files export
2023-09-20 19:09:46,245 INFO  ExportHelper.cs: 270 - Exporting link: table_link
2023-09-20 19:09:46,245 INFO  ExportHelper.cs: 272 - Link table_link has 1 children
2023-09-20 19:09:46,246 INFO  ExportHelper.cs: 270 - Exporting link: foundation_Link
2023-09-20 19:09:46,246 INFO  ExportHelper.cs: 272 - Link foundation_Link has 0 children
2023-09-20 19:09:46,247 INFO  ExportHelper.cs: 318 - foundation_Link: Exporting STL with coordinate frame dox_2
2023-09-20 19:09:46,247 INFO  ExportHelper.cs: 323 - foundation_Link: Reference geometry name 
2023-09-20 19:09:46,280 INFO  ExportHelper.cs: 331 - Saving STL to D:\防碰撞光学平台\foundation\meshes\foundation_Link.STL
2023-09-20 19:09:46,312 INFO  ExportHelper.cs: 406 - Removing SW header in STL file
2023-09-20 19:09:46,313 INFO  ExportHelper.cs: 318 - table_link: Exporting STL with coordinate frame dox_1
2023-09-20 19:09:46,313 INFO  ExportHelper.cs: 323 - table_link: Reference geometry name 
2023-09-20 19:09:46,331 INFO  ExportHelper.cs: 331 - Saving STL to D:\防碰撞光学平台\foundation\meshes\table_link.STL
2023-09-20 19:09:46,674 INFO  ExportHelper.cs: 406 - Removing SW header in STL file
2023-09-20 19:09:46,675 INFO  ExportHelper.cs: 145 - Showing all components except previously hidden components
2023-09-20 19:09:46,700 INFO  ExportHelper.cs: 145 - Resetting STL preferences
2023-09-20 19:09:46,701 INFO  ExportHelper.cs: 479 - Returning STL preferences to user preferences
2023-09-20 19:09:46,701 INFO  ExportHelper.cs: 228 - Writing URDF file to D:\防碰撞光学平台\foundation\urdf\foundation.urdf
2023-09-20 19:09:46,759 INFO  CSVImportExport.cs: 32 - Writing CSV file D:\防碰撞光学平台\foundation\urdf\foundation.csv
2023-09-20 19:09:46,780 ERROR CSVImportExport.cs: 132 - The following columns were not written to the CSV: Link.Joint.ChildLink.link,
2023-09-20 19:09:46,780 ERROR CSVImportExport.cs: 132 - The following columns were not written to the CSV: Link.Joint.ChildLink.link,
2023-09-20 19:09:46,781 INFO  ExportHelper.cs: 234 - Copying log file
2023-09-20 19:09:46,783 INFO  ExportHelper.cs: 440 - Copying C:\Users\duan'da'xia\sw2urdf_logs\sw2urdf.log to D:\防碰撞光学平台\foundation\export.log
